<?xml version="1.0" encoding="UTF-8"?>
<testsuite xmlns:xsi="http://www.w3.org/2001/XMLSchema-instance" xsi:noNamespaceSchemaLocation="https://maven.apache.org/surefire/maven-surefire-plugin/xsd/surefire-test-report-3.0.xsd" version="3.0" name="TestSuite" time="57.165" tests="3" errors="0" skipped="0" failures="0">
  <properties>
    <property name="java.specification.version" value="16"/>
    <property name="sun.jnu.encoding" value="UTF-8"/>
    <property name="java.class.path" value="/Users/u44992/IdeaProjects/DemoTesting/target/test-classes:/Users/u44992/IdeaProjects/DemoTesting/target/classes:/Users/u44992/.m2/repository/io/appium/java-client/7.5.1/java-client-7.5.1.jar:/Users/u44992/.m2/repository/org/seleniumhq/selenium/selenium-java/3.141.59/selenium-java-3.141.59.jar:/Users/u44992/.m2/repository/org/seleniumhq/selenium/selenium-chrome-driver/3.141.59/selenium-chrome-driver-3.141.59.jar:/Users/u44992/.m2/repository/org/seleniumhq/selenium/selenium-edge-driver/3.141.59/selenium-edge-driver-3.141.59.jar:/Users/u44992/.m2/repository/org/seleniumhq/selenium/selenium-firefox-driver/3.141.59/selenium-firefox-driver-3.141.59.jar:/Users/u44992/.m2/repository/org/seleniumhq/selenium/selenium-ie-driver/3.141.59/selenium-ie-driver-3.141.59.jar:/Users/u44992/.m2/repository/org/seleniumhq/selenium/selenium-opera-driver/3.141.59/selenium-opera-driver-3.141.59.jar:/Users/u44992/.m2/repository/org/seleniumhq/selenium/selenium-remote-driver/3.141.59/selenium-remote-driver-3.141.59.jar:/Users/u44992/.m2/repository/org/seleniumhq/selenium/selenium-safari-driver/3.141.59/selenium-safari-driver-3.141.59.jar:/Users/u44992/.m2/repository/net/bytebuddy/byte-buddy/1.8.15/byte-buddy-1.8.15.jar:/Users/u44992/.m2/repository/org/apache/commons/commons-exec/1.3/commons-exec-1.3.jar:/Users/u44992/.m2/repository/com/squareup/okio/okio/1.14.0/okio-1.14.0.jar:/Users/u44992/.m2/repository/org/seleniumhq/selenium/selenium-support/3.141.59/selenium-support-3.141.59.jar:/Users/u44992/.m2/repository/org/seleniumhq/selenium/selenium-api/3.141.59/selenium-api-3.141.59.jar:/Users/u44992/.m2/repository/cglib/cglib/3.3.0/cglib-3.3.0.jar:/Users/u44992/.m2/repository/org/ow2/asm/asm/7.1/asm-7.1.jar:/Users/u44992/.m2/repository/commons-validator/commons-validator/1.7/commons-validator-1.7.jar:/Users/u44992/.m2/repository/commons-beanutils/commons-beanutils/1.9.4/commons-beanutils-1.9.4.jar:/Users/u44992/.m2/repository/commons-digester/commons-digester/2.1/commons-digester-2.1.jar:/Users/u44992/.m2/repository/commons-collections/commons-collections/3.2.2/commons-collections-3.2.2.jar:/Users/u44992/.m2/repository/org/apache/commons/commons-lang3/3.12.0/commons-lang3-3.12.0.jar:/Users/u44992/.m2/repository/org/springframework/spring-context/5.3.4/spring-context-5.3.4.jar:/Users/u44992/.m2/repository/org/springframework/spring-aop/5.3.4/spring-aop-5.3.4.jar:/Users/u44992/.m2/repository/org/springframework/spring-beans/5.3.4/spring-beans-5.3.4.jar:/Users/u44992/.m2/repository/org/springframework/spring-core/5.3.4/spring-core-5.3.4.jar:/Users/u44992/.m2/repository/org/springframework/spring-jcl/5.3.4/spring-jcl-5.3.4.jar:/Users/u44992/.m2/repository/org/springframework/spring-expression/5.3.4/spring-expression-5.3.4.jar:/Users/u44992/.m2/repository/org/aspectj/aspectjweaver/1.9.6/aspectjweaver-1.9.6.jar:/Users/u44992/.m2/repository/org/testng/testng/7.4.0/testng-7.4.0.jar:/Users/u44992/.m2/repository/com/beust/jcommander/1.78/jcommander-1.78.jar:/Users/u44992/.m2/repository/org/webjars/jquery/3.5.1/jquery-3.5.1.jar:/Users/u44992/.m2/repository/com/aventstack/extentreports/5.0.8/extentreports-5.0.8.jar:/Users/u44992/.m2/repository/io/reactivex/rxjava3/rxjava/3.0.4/rxjava-3.0.4.jar:/Users/u44992/.m2/repository/org/reactivestreams/reactive-streams/1.0.3/reactive-streams-1.0.3.jar:/Users/u44992/.m2/repository/org/freemarker/freemarker/2.3.30/freemarker-2.3.30.jar:/Users/u44992/.m2/repository/org/projectlombok/lombok/1.18.20/lombok-1.18.20.jar:/Users/u44992/.m2/repository/org/apache/httpcomponents/httpclient/4.5.13/httpclient-4.5.13.jar:/Users/u44992/.m2/repository/org/apache/httpcomponents/httpcore/4.4.13/httpcore-4.4.13.jar:/Users/u44992/.m2/repository/commons-logging/commons-logging/1.2/commons-logging-1.2.jar:/Users/u44992/.m2/repository/commons-codec/commons-codec/1.11/commons-codec-1.11.jar:/Users/u44992/.m2/repository/com/google/code/gson/gson/2.8.2/gson-2.8.2.jar:/Users/u44992/.m2/repository/com/codepine/api/testrail-api-java-client/2.0.1/testrail-api-java-client-2.0.1.jar:/Users/u44992/.m2/repository/com/fasterxml/jackson/core/jackson-databind/2.3.1/jackson-databind-2.3.1.jar:/Users/u44992/.m2/repository/com/fasterxml/jackson/core/jackson-annotations/2.3.0/jackson-annotations-2.3.0.jar:/Users/u44992/.m2/repository/com/fasterxml/jackson/core/jackson-core/2.3.1/jackson-core-2.3.1.jar:/Users/u44992/.m2/repository/log4j/log4j/1.2.17/log4j-1.2.17.jar:/Users/u44992/.m2/repository/org/json/json/20210307/json-20210307.jar:/Users/u44992/.m2/repository/com/google/api-client/google-api-client/1.32.1/google-api-client-1.32.1.jar:/Users/u44992/.m2/repository/com/google/oauth-client/google-oauth-client/1.31.5/google-oauth-client-1.31.5.jar:/Users/u44992/.m2/repository/com/google/http-client/google-http-client-gson/1.39.2/google-http-client-gson-1.39.2.jar:/Users/u44992/.m2/repository/com/google/http-client/google-http-client-apache-v2/1.39.2/google-http-client-apache-v2-1.39.2.jar:/Users/u44992/.m2/repository/com/google/http-client/google-http-client/1.39.2/google-http-client-1.39.2.jar:/Users/u44992/.m2/repository/io/opencensus/opencensus-api/0.28.0/opencensus-api-0.28.0.jar:/Users/u44992/.m2/repository/io/grpc/grpc-context/1.27.2/grpc-context-1.27.2.jar:/Users/u44992/.m2/repository/io/opencensus/opencensus-contrib-http-util/0.28.0/opencensus-contrib-http-util-0.28.0.jar:/Users/u44992/.m2/repository/com/ganpengyu/apiclient/0.0.1/apiclient-0.0.1.jar:/Users/u44992/.m2/repository/org/apache/httpcomponents/httpmime/4.3.5/httpmime-4.3.5.jar:/Users/u44992/.m2/repository/com/googlecode/json-simple/json-simple/1.1/json-simple-1.1.jar:/Users/u44992/.m2/repository/com/google/guava/guava/23.0/guava-23.0.jar:/Users/u44992/.m2/repository/com/google/code/findbugs/jsr305/1.3.9/jsr305-1.3.9.jar:/Users/u44992/.m2/repository/com/google/errorprone/error_prone_annotations/2.0.18/error_prone_annotations-2.0.18.jar:/Users/u44992/.m2/repository/com/google/j2objc/j2objc-annotations/1.1/j2objc-annotations-1.1.jar:/Users/u44992/.m2/repository/org/codehaus/mojo/animal-sniffer-annotations/1.14/animal-sniffer-annotations-1.14.jar:/Users/u44992/.m2/repository/com/graphhopper/directions-api-client-hc/0.10.0/directions-api-client-hc-0.10.0.jar:/Users/u44992/.m2/repository/com/graphhopper/graphhopper-core/0.10.0/graphhopper-core-0.10.0.jar:/Users/u44992/.m2/repository/com/carrotsearch/hppc/0.7.2/hppc-0.7.2.jar:/Users/u44992/.m2/repository/com/vividsolutions/jts-core/1.14.0/jts-core-1.14.0.jar:/Users/u44992/.m2/repository/com/squareup/okhttp3/okhttp/3.8.0/okhttp-3.8.0.jar:/Users/u44992/.m2/repository/org/influxdb/influxdb-java/2.7/influxdb-java-2.7.jar:/Users/u44992/.m2/repository/com/squareup/retrofit2/retrofit/2.3.0/retrofit-2.3.0.jar:/Users/u44992/.m2/repository/com/squareup/retrofit2/converter-moshi/2.3.0/converter-moshi-2.3.0.jar:/Users/u44992/.m2/repository/com/squareup/moshi/moshi/1.4.0/moshi-1.4.0.jar:/Users/u44992/.m2/repository/com/squareup/okhttp3/logging-interceptor/3.8.1/logging-interceptor-3.8.1.jar:/Users/u44992/.m2/repository/org/slf4j/slf4j-api/2.0.0-alpha2/slf4j-api-2.0.0-alpha2.jar:/Users/u44992/.m2/repository/org/slf4j/slf4j-simple/2.0.0-alpha1/slf4j-simple-2.0.0-alpha1.jar:/Users/u44992/.m2/repository/org/apache/poi/poi/4.1.2/poi-4.1.2.jar:/Users/u44992/.m2/repository/org/apache/commons/commons-collections4/4.4/commons-collections4-4.4.jar:/Users/u44992/.m2/repository/org/apache/commons/commons-math3/3.6.1/commons-math3-3.6.1.jar:/Users/u44992/.m2/repository/com/zaxxer/SparseBitSet/1.2/SparseBitSet-1.2.jar:/Users/u44992/.m2/repository/org/apache/poi/poi-ooxml/4.1.2/poi-ooxml-4.1.2.jar:/Users/u44992/.m2/repository/org/apache/commons/commons-compress/1.19/commons-compress-1.19.jar:/Users/u44992/.m2/repository/com/github/virtuald/curvesapi/1.06/curvesapi-1.06.jar:/Users/u44992/.m2/repository/org/apache/poi/poi-scratchpad/4.1.2/poi-scratchpad-4.1.2.jar:/Users/u44992/.m2/repository/commons-io/commons-io/2.7/commons-io-2.7.jar:/Users/u44992/.m2/repository/org/apache/poi/ooxml-schemas/1.4/ooxml-schemas-1.4.jar:/Users/u44992/.m2/repository/org/apache/xmlbeans/xmlbeans/3.0.1/xmlbeans-3.0.1.jar:/Users/u44992/.m2/repository/org/apache/poi/poi-excelant/4.1.2/poi-excelant-4.1.2.jar:/Users/u44992/.m2/repository/org/apache/ant/ant/1.8.2/ant-1.8.2.jar:/Users/u44992/.m2/repository/org/apache/ant/ant-launcher/1.8.2/ant-launcher-1.8.2.jar:/Users/u44992/.m2/repository/org/apache/poi/poi-ooxml-schemas/4.1.2/poi-ooxml-schemas-4.1.2.jar:/Users/u44992/.m2/repository/org/libj/io/0.7.7/io-0.7.7.jar:/Users/u44992/.m2/repository/org/libj/util/0.8.1/util-0.8.1.jar:/Users/u44992/.m2/repository/javax/annotation/javax.annotation-api/1.3.2/javax.annotation-api-1.3.2.jar:/Users/u44992/.m2/repository/diff_match_patch/diff_match_patch/current/diff_match_patch-current.jar:/Users/u44992/.m2/repository/org/openjax/codegen/radixtree/0.2.5/radixtree-0.2.5.jar:/Users/u44992/.m2/repository/org/libj/lang/0.7.5/lang-0.7.5.jar:/Users/u44992/.m2/repository/org/libj/test/0.7.1/test-0.7.1.jar:/Users/u44992/.m2/repository/junit/junit/4.12/junit-4.12.jar:/Users/u44992/.m2/repository/org/hamcrest/hamcrest-core/1.3/hamcrest-core-1.3.jar:/Users/u44992/.m2/repository/org/openjax/xml/dom/0.9.4/dom-0.9.4.jar:/Users/u44992/.m2/repository/org/openjax/xml/schema/0.9.4/schema-0.9.4.jar:/Users/u44992/.m2/repository/org/openjax/xml/api/0.9.4/api-0.9.4.jar:/Users/u44992/.m2/repository/org/xmlunit/xmlunit-core/2.6.3/xmlunit-core-2.6.3.jar:/Users/u44992/.m2/repository/javax/xml/bind/jaxb-api/2.3.0/jaxb-api-2.3.0.jar:/Users/u44992/.m2/repository/ch/qos/logback/logback-classic/1.2.3/logback-classic-1.2.3.jar:/Users/u44992/.m2/repository/ch/qos/logback/logback-core/1.2.3/logback-core-1.2.3.jar:"/>
    <property name="java.vm.vendor" value="Oracle Corporation"/>
    <property name="sun.arch.data.model" value="64"/>
    <property name="java.vendor.url" value="https://java.oracle.com/"/>
    <property name="user.timezone" value="America/Santo_Domingo"/>
    <property name="os.name" value="Mac OS X"/>
    <property name="java.vm.specification.version" value="16"/>
    <property name="sun.java.launcher" value="SUN_STANDARD"/>
    <property name="user.country" value="US"/>
    <property name="sun.boot.library.path" value="/Users/u44992/Library/Java/JavaVirtualMachines/openjdk-16.0.2/Contents/Home/lib"/>
    <property name="sun.java.command" value="/Users/u44992/IdeaProjects/DemoTesting/target/surefire/surefirebooter6529359632596035404.jar /Users/u44992/IdeaProjects/DemoTesting/target/surefire 2022-05-05T22-42-14_707-jvmRun1 surefire17164363722416791575tmp surefire_015373557678640656118tmp"/>
    <property name="jdk.debug" value="release"/>
    <property name="surefire.test.class.path" value="/Users/u44992/IdeaProjects/DemoTesting/target/test-classes:/Users/u44992/IdeaProjects/DemoTesting/target/classes:/Users/u44992/.m2/repository/io/appium/java-client/7.5.1/java-client-7.5.1.jar:/Users/u44992/.m2/repository/org/seleniumhq/selenium/selenium-java/3.141.59/selenium-java-3.141.59.jar:/Users/u44992/.m2/repository/org/seleniumhq/selenium/selenium-chrome-driver/3.141.59/selenium-chrome-driver-3.141.59.jar:/Users/u44992/.m2/repository/org/seleniumhq/selenium/selenium-edge-driver/3.141.59/selenium-edge-driver-3.141.59.jar:/Users/u44992/.m2/repository/org/seleniumhq/selenium/selenium-firefox-driver/3.141.59/selenium-firefox-driver-3.141.59.jar:/Users/u44992/.m2/repository/org/seleniumhq/selenium/selenium-ie-driver/3.141.59/selenium-ie-driver-3.141.59.jar:/Users/u44992/.m2/repository/org/seleniumhq/selenium/selenium-opera-driver/3.141.59/selenium-opera-driver-3.141.59.jar:/Users/u44992/.m2/repository/org/seleniumhq/selenium/selenium-remote-driver/3.141.59/selenium-remote-driver-3.141.59.jar:/Users/u44992/.m2/repository/org/seleniumhq/selenium/selenium-safari-driver/3.141.59/selenium-safari-driver-3.141.59.jar:/Users/u44992/.m2/repository/net/bytebuddy/byte-buddy/1.8.15/byte-buddy-1.8.15.jar:/Users/u44992/.m2/repository/org/apache/commons/commons-exec/1.3/commons-exec-1.3.jar:/Users/u44992/.m2/repository/com/squareup/okio/okio/1.14.0/okio-1.14.0.jar:/Users/u44992/.m2/repository/org/seleniumhq/selenium/selenium-support/3.141.59/selenium-support-3.141.59.jar:/Users/u44992/.m2/repository/org/seleniumhq/selenium/selenium-api/3.141.59/selenium-api-3.141.59.jar:/Users/u44992/.m2/repository/cglib/cglib/3.3.0/cglib-3.3.0.jar:/Users/u44992/.m2/repository/org/ow2/asm/asm/7.1/asm-7.1.jar:/Users/u44992/.m2/repository/commons-validator/commons-validator/1.7/commons-validator-1.7.jar:/Users/u44992/.m2/repository/commons-beanutils/commons-beanutils/1.9.4/commons-beanutils-1.9.4.jar:/Users/u44992/.m2/repository/commons-digester/commons-digester/2.1/commons-digester-2.1.jar:/Users/u44992/.m2/repository/commons-collections/commons-collections/3.2.2/commons-collections-3.2.2.jar:/Users/u44992/.m2/repository/org/apache/commons/commons-lang3/3.12.0/commons-lang3-3.12.0.jar:/Users/u44992/.m2/repository/org/springframework/spring-context/5.3.4/spring-context-5.3.4.jar:/Users/u44992/.m2/repository/org/springframework/spring-aop/5.3.4/spring-aop-5.3.4.jar:/Users/u44992/.m2/repository/org/springframework/spring-beans/5.3.4/spring-beans-5.3.4.jar:/Users/u44992/.m2/repository/org/springframework/spring-core/5.3.4/spring-core-5.3.4.jar:/Users/u44992/.m2/repository/org/springframework/spring-jcl/5.3.4/spring-jcl-5.3.4.jar:/Users/u44992/.m2/repository/org/springframework/spring-expression/5.3.4/spring-expression-5.3.4.jar:/Users/u44992/.m2/repository/org/aspectj/aspectjweaver/1.9.6/aspectjweaver-1.9.6.jar:/Users/u44992/.m2/repository/org/testng/testng/7.4.0/testng-7.4.0.jar:/Users/u44992/.m2/repository/com/beust/jcommander/1.78/jcommander-1.78.jar:/Users/u44992/.m2/repository/org/webjars/jquery/3.5.1/jquery-3.5.1.jar:/Users/u44992/.m2/repository/com/aventstack/extentreports/5.0.8/extentreports-5.0.8.jar:/Users/u44992/.m2/repository/io/reactivex/rxjava3/rxjava/3.0.4/rxjava-3.0.4.jar:/Users/u44992/.m2/repository/org/reactivestreams/reactive-streams/1.0.3/reactive-streams-1.0.3.jar:/Users/u44992/.m2/repository/org/freemarker/freemarker/2.3.30/freemarker-2.3.30.jar:/Users/u44992/.m2/repository/org/projectlombok/lombok/1.18.20/lombok-1.18.20.jar:/Users/u44992/.m2/repository/org/apache/httpcomponents/httpclient/4.5.13/httpclient-4.5.13.jar:/Users/u44992/.m2/repository/org/apache/httpcomponents/httpcore/4.4.13/httpcore-4.4.13.jar:/Users/u44992/.m2/repository/commons-logging/commons-logging/1.2/commons-logging-1.2.jar:/Users/u44992/.m2/repository/commons-codec/commons-codec/1.11/commons-codec-1.11.jar:/Users/u44992/.m2/repository/com/google/code/gson/gson/2.8.2/gson-2.8.2.jar:/Users/u44992/.m2/repository/com/codepine/api/testrail-api-java-client/2.0.1/testrail-api-java-client-2.0.1.jar:/Users/u44992/.m2/repository/com/fasterxml/jackson/core/jackson-databind/2.3.1/jackson-databind-2.3.1.jar:/Users/u44992/.m2/repository/com/fasterxml/jackson/core/jackson-annotations/2.3.0/jackson-annotations-2.3.0.jar:/Users/u44992/.m2/repository/com/fasterxml/jackson/core/jackson-core/2.3.1/jackson-core-2.3.1.jar:/Users/u44992/.m2/repository/log4j/log4j/1.2.17/log4j-1.2.17.jar:/Users/u44992/.m2/repository/org/json/json/20210307/json-20210307.jar:/Users/u44992/.m2/repository/com/google/api-client/google-api-client/1.32.1/google-api-client-1.32.1.jar:/Users/u44992/.m2/repository/com/google/oauth-client/google-oauth-client/1.31.5/google-oauth-client-1.31.5.jar:/Users/u44992/.m2/repository/com/google/http-client/google-http-client-gson/1.39.2/google-http-client-gson-1.39.2.jar:/Users/u44992/.m2/repository/com/google/http-client/google-http-client-apache-v2/1.39.2/google-http-client-apache-v2-1.39.2.jar:/Users/u44992/.m2/repository/com/google/http-client/google-http-client/1.39.2/google-http-client-1.39.2.jar:/Users/u44992/.m2/repository/io/opencensus/opencensus-api/0.28.0/opencensus-api-0.28.0.jar:/Users/u44992/.m2/repository/io/grpc/grpc-context/1.27.2/grpc-context-1.27.2.jar:/Users/u44992/.m2/repository/io/opencensus/opencensus-contrib-http-util/0.28.0/opencensus-contrib-http-util-0.28.0.jar:/Users/u44992/.m2/repository/com/ganpengyu/apiclient/0.0.1/apiclient-0.0.1.jar:/Users/u44992/.m2/repository/org/apache/httpcomponents/httpmime/4.3.5/httpmime-4.3.5.jar:/Users/u44992/.m2/repository/com/googlecode/json-simple/json-simple/1.1/json-simple-1.1.jar:/Users/u44992/.m2/repository/com/google/guava/guava/23.0/guava-23.0.jar:/Users/u44992/.m2/repository/com/google/code/findbugs/jsr305/1.3.9/jsr305-1.3.9.jar:/Users/u44992/.m2/repository/com/google/errorprone/error_prone_annotations/2.0.18/error_prone_annotations-2.0.18.jar:/Users/u44992/.m2/repository/com/google/j2objc/j2objc-annotations/1.1/j2objc-annotations-1.1.jar:/Users/u44992/.m2/repository/org/codehaus/mojo/animal-sniffer-annotations/1.14/animal-sniffer-annotations-1.14.jar:/Users/u44992/.m2/repository/com/graphhopper/directions-api-client-hc/0.10.0/directions-api-client-hc-0.10.0.jar:/Users/u44992/.m2/repository/com/graphhopper/graphhopper-core/0.10.0/graphhopper-core-0.10.0.jar:/Users/u44992/.m2/repository/com/carrotsearch/hppc/0.7.2/hppc-0.7.2.jar:/Users/u44992/.m2/repository/com/vividsolutions/jts-core/1.14.0/jts-core-1.14.0.jar:/Users/u44992/.m2/repository/com/squareup/okhttp3/okhttp/3.8.0/okhttp-3.8.0.jar:/Users/u44992/.m2/repository/org/influxdb/influxdb-java/2.7/influxdb-java-2.7.jar:/Users/u44992/.m2/repository/com/squareup/retrofit2/retrofit/2.3.0/retrofit-2.3.0.jar:/Users/u44992/.m2/repository/com/squareup/retrofit2/converter-moshi/2.3.0/converter-moshi-2.3.0.jar:/Users/u44992/.m2/repository/com/squareup/moshi/moshi/1.4.0/moshi-1.4.0.jar:/Users/u44992/.m2/repository/com/squareup/okhttp3/logging-interceptor/3.8.1/logging-interceptor-3.8.1.jar:/Users/u44992/.m2/repository/org/slf4j/slf4j-api/2.0.0-alpha2/slf4j-api-2.0.0-alpha2.jar:/Users/u44992/.m2/repository/org/slf4j/slf4j-simple/2.0.0-alpha1/slf4j-simple-2.0.0-alpha1.jar:/Users/u44992/.m2/repository/org/apache/poi/poi/4.1.2/poi-4.1.2.jar:/Users/u44992/.m2/repository/org/apache/commons/commons-collections4/4.4/commons-collections4-4.4.jar:/Users/u44992/.m2/repository/org/apache/commons/commons-math3/3.6.1/commons-math3-3.6.1.jar:/Users/u44992/.m2/repository/com/zaxxer/SparseBitSet/1.2/SparseBitSet-1.2.jar:/Users/u44992/.m2/repository/org/apache/poi/poi-ooxml/4.1.2/poi-ooxml-4.1.2.jar:/Users/u44992/.m2/repository/org/apache/commons/commons-compress/1.19/commons-compress-1.19.jar:/Users/u44992/.m2/repository/com/github/virtuald/curvesapi/1.06/curvesapi-1.06.jar:/Users/u44992/.m2/repository/org/apache/poi/poi-scratchpad/4.1.2/poi-scratchpad-4.1.2.jar:/Users/u44992/.m2/repository/commons-io/commons-io/2.7/commons-io-2.7.jar:/Users/u44992/.m2/repository/org/apache/poi/ooxml-schemas/1.4/ooxml-schemas-1.4.jar:/Users/u44992/.m2/repository/org/apache/xmlbeans/xmlbeans/3.0.1/xmlbeans-3.0.1.jar:/Users/u44992/.m2/repository/org/apache/poi/poi-excelant/4.1.2/poi-excelant-4.1.2.jar:/Users/u44992/.m2/repository/org/apache/ant/ant/1.8.2/ant-1.8.2.jar:/Users/u44992/.m2/repository/org/apache/ant/ant-launcher/1.8.2/ant-launcher-1.8.2.jar:/Users/u44992/.m2/repository/org/apache/poi/poi-ooxml-schemas/4.1.2/poi-ooxml-schemas-4.1.2.jar:/Users/u44992/.m2/repository/org/libj/io/0.7.7/io-0.7.7.jar:/Users/u44992/.m2/repository/org/libj/util/0.8.1/util-0.8.1.jar:/Users/u44992/.m2/repository/javax/annotation/javax.annotation-api/1.3.2/javax.annotation-api-1.3.2.jar:/Users/u44992/.m2/repository/diff_match_patch/diff_match_patch/current/diff_match_patch-current.jar:/Users/u44992/.m2/repository/org/openjax/codegen/radixtree/0.2.5/radixtree-0.2.5.jar:/Users/u44992/.m2/repository/org/libj/lang/0.7.5/lang-0.7.5.jar:/Users/u44992/.m2/repository/org/libj/test/0.7.1/test-0.7.1.jar:/Users/u44992/.m2/repository/junit/junit/4.12/junit-4.12.jar:/Users/u44992/.m2/repository/org/hamcrest/hamcrest-core/1.3/hamcrest-core-1.3.jar:/Users/u44992/.m2/repository/org/openjax/xml/dom/0.9.4/dom-0.9.4.jar:/Users/u44992/.m2/repository/org/openjax/xml/schema/0.9.4/schema-0.9.4.jar:/Users/u44992/.m2/repository/org/openjax/xml/api/0.9.4/api-0.9.4.jar:/Users/u44992/.m2/repository/org/xmlunit/xmlunit-core/2.6.3/xmlunit-core-2.6.3.jar:/Users/u44992/.m2/repository/javax/xml/bind/jaxb-api/2.3.0/jaxb-api-2.3.0.jar:/Users/u44992/.m2/repository/ch/qos/logback/logback-classic/1.2.3/logback-classic-1.2.3.jar:/Users/u44992/.m2/repository/ch/qos/logback/logback-core/1.2.3/logback-core-1.2.3.jar:"/>
    <property name="sun.cpu.endian" value="little"/>
    <property name="user.home" value="/Users/u44992"/>
    <property name="user.language" value="en"/>
    <property name="java.specification.vendor" value="Oracle Corporation"/>
    <property name="java.version.date" value="2021-07-20"/>
    <property name="java.home" value="/Users/u44992/Library/Java/JavaVirtualMachines/openjdk-16.0.2/Contents/Home"/>
    <property name="file.separator" value="/"/>
    <property name="basedir" value="/Users/u44992/IdeaProjects/DemoTesting"/>
    <property name="java.vm.compressedOopsMode" value="Zero based"/>
    <property name="line.separator" value="&#10;"/>
    <property name="java.vm.specification.vendor" value="Oracle Corporation"/>
    <property name="java.specification.name" value="Java Platform API Specification"/>
    <property name="surefire.real.class.path" value="/Users/u44992/IdeaProjects/DemoTesting/target/surefire/surefirebooter6529359632596035404.jar"/>
    <property name="sun.management.compiler" value="HotSpot 64-Bit Tiered Compilers"/>
    <property name="java.runtime.version" value="16.0.2+7-67"/>
    <property name="user.name" value="u44992"/>
    <property name="path.separator" value=":"/>
    <property name="os.version" value="11.5"/>
    <property name="java.runtime.name" value="OpenJDK Runtime Environment"/>
    <property name="file.encoding" value="UTF-8"/>
    <property name="java.vm.name" value="OpenJDK 64-Bit Server VM"/>
    <property name="localRepository" value="/Users/u44992/.m2/repository"/>
    <property name="java.vendor.url.bug" value="https://bugreport.java.com/bugreport/"/>
    <property name="java.io.tmpdir" value="/var/folders/bv/96lcnhss4zn_1fc_fykt_29sgd4tdk/T/"/>
    <property name="java.version" value="16.0.2"/>
    <property name="user.dir" value="/Users/u44992/IdeaProjects/DemoTesting"/>
    <property name="os.arch" value="x86_64"/>
    <property name="java.vm.specification.name" value="Java Virtual Machine Specification"/>
    <property name="java.library.path" value="/Users/u44992/Library/Java/Extensions:/Library/Java/Extensions:/Network/Library/Java/Extensions:/System/Library/Java/Extensions:/usr/lib/java:."/>
    <property name="java.vm.info" value="mixed mode, sharing"/>
    <property name="java.vendor" value="Oracle Corporation"/>
    <property name="java.vm.version" value="16.0.2+7-67"/>
    <property name="sun.io.unicode.encoding" value="UnicodeBig"/>
    <property name="java.class.version" value="60.0"/>
  </properties>
  <testcase name="test" classname="com.qik.qa.test.Test1" time="2.51">
    <system-err><![CDATA[May 05, 2022 10:42:34 PM io.appium.java_client.remote.AppiumCommandExecutor$1 lambda$0
INFO: Detected dialect: OSS
May 05, 2022 10:42:40 PM io.appium.java_client.remote.AppiumCommandExecutor$1 lambda$0
INFO: Detected dialect: OSS
]]></system-err>
  </testcase>
  <testcase name="test" classname="com.qik.qa.test.Test1" time="9.417"/>
  <testcase name="test" classname="com.qik.qa.test.Test1" time="9.163">
    <system-err><![CDATA[May 05, 2022 10:43:02 PM io.appium.java_client.remote.AppiumCommandExecutor$1 lambda$0
INFO: Detected dialect: OSS
]]></system-err>
  </testcase>
</testsuite>