<?xml version="1.0" encoding="UTF-8"?>
<!-- Generated by org.testng.reporters.JUnitReportReporter -->
<testsuite hostname="u44992-mac.local" failures="0" tests="2" name="com.qik.qa.test.Test1" time="66.444" errors="0" timestamp="2022-05-09T10:32:04 AST" skipped="0">
  <testcase classname="com.qik.qa.test.Test1" name="test" time="28.618"/>
  <system-out/>
  <testcase classname="com.qik.qa.test.Test1" name="test" time="37.826"/>
  <system-out/>
</testsuite> <!-- com.qik.qa.test.Test1 -->
