<?xml version="1.0" encoding="UTF-8"?>
<!-- Generated by org.testng.reporters.JUnitReportReporter -->
<testsuite hostname="u44992-mac.local" failures="0" tests="3" name="com.qik.qa.test.Test1" time="91.608" errors="0" timestamp="2022-05-05T22:43:12 AST" skipped="0">
  <testcase classname="com.qik.qa.test.Test1" name="test" time="35.086"/>
  <system-out/>
  <testcase classname="com.qik.qa.test.Test1" name="test" time="28.195"/>
  <system-out/>
  <testcase classname="com.qik.qa.test.Test1" name="test" time="28.327"/>
  <system-out/>
</testsuite> <!-- com.qik.qa.test.Test1 -->
